#count number_of_seqs length_ofalignment
1 1129 310
2 1112 225
3 1099 210
4 1091 198
5 1086 191
6 1083 180
7 1066 162
8 1065 159
9 1055 154
10 1053 154
11 1052 152
12 1032 144
13 1030 143
14 1027 142
15 1015 139
16 1013 139
17 1012 138
18 1008 136
19 1004 135
20 998 134
21 992 133
22 989 132
23 984 132
24 983 131
25 976 130
26 968 129
27 964 131
28 960 128
29 950 122
30 945 121
31 934 120
32 920 120
33 910 119
34 901 118
35 876 117
36 875 116
37 874 116
38 873 115
39 811 115
40 808 114
41 542 121
42 540 113
43 530 112
44 470 112
