#count number_of_seqs length_ofalignment
1 913 848
2 877 779
3 844 575
4 819 572
5 800 597
6 779 545
7 760 443
8 747 468
9 730 412
10 717 435
11 706 441
12 695 400
13 684 392
14 675 345
15 668 371
16 660 370
17 654 346
18 648 346
19 644 343
20 639 375
21 633 348
22 631 345
23 626 334
24 621 343
25 617 346
26 614 334
27 609 322
28 607 318
29 606 335
30 604 330
31 596 340
32 592 301
33 588 356
34 587 323
35 586 353
36 584 327
37 582 311
38 581 326
39 580 327
40 579 290
41 578 309
42 577 295
43 563 263
44 557 278
45 555 271
46 553 250
47 551 271
48 547 290
49 546 242
50 545 244
51 543 242
52 531 242
53 530 227
54 528 222
55 519 229
