#count number_of_seqs length_ofalignment
1 1465 1443
2 1407 1177
3 1356 1052
4 1324 973
5 1293 919
6 1264 852
7 1232 858
8 1209 851
9 1179 828
10 1161 730
11 1143 751
12 1126 817
13 1107 673
14 1098 693
15 1086 667
16 1070 684
17 1050 689
18 1039 621
19 1030 585
20 1021 685
21 1008 565
22 998 544
23 985 540
24 979 524
25 977 544
26 971 543
27 967 571
28 958 555
29 955 534
30 951 569
31 944 553
32 941 569
33 938 547
34 934 586
35 924 536
36 918 524
37 913 480
38 911 523
39 905 473
40 897 533
41 892 459
42 888 486
43 885 461
44 881 470
45 879 398
46 878 454
47 876 460
48 874 499
49 873 555
50 871 488
51 867 477
52 855 525
53 853 479
54 850 419
55 845 431
56 843 436
57 842 440
58 840 414
59 836 442
60 834 460
61 833 453
62 832 458
63 829 450
64 826 407
65 818 402
66 816 428
67 813 400
68 811 423
69 806 383
70 805 427
71 804 378
72 802 420
73 801 394
74 800 394
75 790 398
76 788 468
77 786 429
78 776 380
79 775 421
80 772 383
81 771 383
82 770 369
83 768 416
84 762 386
85 750 341
86 748 332
87 747 326
88 746 310
89 740 346
90 739 332
91 738 368
92 732 331
93 730 325
94 728 334
95 726 353
96 725 351
97 723 338
98 721 329
99 720 339
100 719 332
101 718 327
102 717 316
103 711 328
104 690 335
105 687 339
106 684 309
107 682 305
108 678 300
109 674 310
110 666 302
111 664 305
112 660 324
113 658 317
114 654 287
115 651 296
116 650 352
117 640 338
118 638 322
119 635 295
120 629 320
121 628 312
122 616 339
123 609 283
124 607 278
125 605 277
126 603 319
127 601 295
128 598 320
129 597 298
130 591 286
131 588 267
132 582 281
133 581 267
134 579 264
135 578 246
136 577 246
137 576 261
138 575 257
139 571 286
140 568 269
141 566 262
142 565 271
143 561 276
144 559 270
145 553 264
146 549 276
147 543 254
148 541 234
149 535 240
150 533 256
151 532 255
152 531 235
153 530 248
154 528 241
155 523 237
156 520 231
157 517 243
